0 info it worked if it ends with ok
1 verbose cli [ '/usr/bin/nodejs', '/usr/bin/npm', 'install', '-g', 'bower' ]
2 info using npm@3.8.6
3 info using node@v5.11.1
4 silly loadCurrentTree Starting
5 silly install loadCurrentTree
6 silly install readGlobalPackageData
7 silly fetchPackageMetaData bower
8 silly fetchNamedPackageData bower
9 silly mapToRegistry name bower
10 silly mapToRegistry using default registry
11 silly mapToRegistry registry https://registry.npmjs.org/
12 silly mapToRegistry data Result {
12 silly mapToRegistry   raw: 'bower',
12 silly mapToRegistry   scope: null,
12 silly mapToRegistry   name: 'bower',
12 silly mapToRegistry   rawSpec: '',
12 silly mapToRegistry   spec: 'latest',
12 silly mapToRegistry   type: 'tag' }
13 silly mapToRegistry uri https://registry.npmjs.org/bower
14 verbose request uri https://registry.npmjs.org/bower
15 verbose request no auth needed
16 info attempt registry request try #1 at 3:55:21 PM
17 verbose request id 10da52181fecc760
18 http request GET https://registry.npmjs.org/bower
19 http 200 https://registry.npmjs.org/bower
20 verbose headers { server: 'CouchDB/1.6.1 (Erlang OTP/R16B03)',
20 verbose headers   etag: '"2NZKKF5GB4SLG5IVHB8R2GSVR"',
20 verbose headers   'content-type': 'application/json',
20 verbose headers   'content-encoding': 'gzip',
20 verbose headers   'cache-control': 'max-age=300',
20 verbose headers   'content-length': '20506',
20 verbose headers   'accept-ranges': 'bytes',
20 verbose headers   date: 'Tue, 12 Jul 2016 10:25:22 GMT',
20 verbose headers   via: '1.1 varnish',
20 verbose headers   age: '80',
20 verbose headers   connection: 'keep-alive',
20 verbose headers   'x-served-by': 'cache-sin6920-SIN',
20 verbose headers   'x-cache': 'HIT',
20 verbose headers   'x-cache-hits': '6',
20 verbose headers   'x-timer': 'S1468319122.400009,VS0,VE0',
20 verbose headers   vary: 'Accept-Encoding' }
21 silly get cb [ 200,
21 silly get   { server: 'CouchDB/1.6.1 (Erlang OTP/R16B03)',
21 silly get     etag: '"2NZKKF5GB4SLG5IVHB8R2GSVR"',
21 silly get     'content-type': 'application/json',
21 silly get     'content-encoding': 'gzip',
21 silly get     'cache-control': 'max-age=300',
21 silly get     'content-length': '20506',
21 silly get     'accept-ranges': 'bytes',
21 silly get     date: 'Tue, 12 Jul 2016 10:25:22 GMT',
21 silly get     via: '1.1 varnish',
21 silly get     age: '80',
21 silly get     connection: 'keep-alive',
21 silly get     'x-served-by': 'cache-sin6920-SIN',
21 silly get     'x-cache': 'HIT',
21 silly get     'x-cache-hits': '6',
21 silly get     'x-timer': 'S1468319122.400009,VS0,VE0',
21 silly get     vary: 'Accept-Encoding' } ]
22 verbose get saving bower to /home/ashwani/.npm/registry.npmjs.org/bower/.cache.json
23 verbose correctMkdir /home/ashwani/.npm correctMkdir not in flight; initializing
24 silly install normalizeTree
25 silly loadCurrentTree Finishing
26 silly loadIdealTree Starting
27 silly install loadIdealTree
28 silly cloneCurrentTree Starting
29 silly install cloneCurrentTreeToIdealTree
30 silly cloneCurrentTree Finishing
31 silly loadShrinkwrap Starting
32 silly install loadShrinkwrap
33 silly loadShrinkwrap Finishing
34 silly loadAllDepsIntoIdealTree Starting
35 silly install loadAllDepsIntoIdealTree
36 silly resolveWithNewModule bower@1.7.9 checking installable status
37 silly cache add args [ 'bower', null ]
38 verbose cache add spec bower
39 silly cache add parsed spec Result {
39 silly cache add   raw: 'bower',
39 silly cache add   scope: null,
39 silly cache add   name: 'bower',
39 silly cache add   rawSpec: '',
39 silly cache add   spec: 'latest',
39 silly cache add   type: 'tag' }
40 silly addNamed bower@latest
41 verbose addNamed "latest" is being treated as a dist-tag for bower
42 info addNameTag [ 'bower', 'latest' ]
43 silly mapToRegistry name bower
44 silly mapToRegistry using default registry
45 silly mapToRegistry registry https://registry.npmjs.org/
46 silly mapToRegistry data Result {
46 silly mapToRegistry   raw: 'bower',
46 silly mapToRegistry   scope: null,
46 silly mapToRegistry   name: 'bower',
46 silly mapToRegistry   rawSpec: '',
46 silly mapToRegistry   spec: 'latest',
46 silly mapToRegistry   type: 'tag' }
47 silly mapToRegistry uri https://registry.npmjs.org/bower
48 verbose addNameTag registry:https://registry.npmjs.org/bower not in flight; fetching
49 verbose get https://registry.npmjs.org/bower not expired, no request
50 silly addNameTag next cb for bower with tag latest
51 silly addNamed bower@1.7.9
52 verbose addNamed "1.7.9" is a plain semver version for bower
53 silly mapToRegistry name bower
54 silly mapToRegistry using default registry
55 silly mapToRegistry registry https://registry.npmjs.org/
56 silly mapToRegistry data Result {
56 silly mapToRegistry   raw: 'bower',
56 silly mapToRegistry   scope: null,
56 silly mapToRegistry   name: 'bower',
56 silly mapToRegistry   rawSpec: '',
56 silly mapToRegistry   spec: 'latest',
56 silly mapToRegistry   type: 'tag' }
57 silly mapToRegistry uri https://registry.npmjs.org/bower
58 verbose addRemoteTarball https://registry.npmjs.org/bower/-/bower-1.7.9.tgz not in flight; adding
59 verbose addRemoteTarball [ 'https://registry.npmjs.org/bower/-/bower-1.7.9.tgz',
59 verbose addRemoteTarball   'b7296c2393e0d75edaa6ca39648132dd255812b0' ]
60 info retry fetch attempt 1 at 3:55:22 PM
61 info attempt registry request try #1 at 3:55:22 PM
62 http fetch GET https://registry.npmjs.org/bower/-/bower-1.7.9.tgz
63 http fetch 200 https://registry.npmjs.org/bower/-/bower-1.7.9.tgz
64 silly fetchAndShaCheck shasum b7296c2393e0d75edaa6ca39648132dd255812b0
65 verbose addTmpTarball /tmp/npm-8161-e3f1f32a/registry.npmjs.org/bower/-/bower-1.7.9.tgz not in flight; adding
66 verbose addTmpTarball already have metadata; skipping unpack for bower@1.7.9
67 verbose correctMkdir /home/ashwani/.npm correctMkdir not in flight; initializing
68 silly cache afterAdd bower@1.7.9
69 verbose afterAdd /home/ashwani/.npm/bower/1.7.9/package/package.json not in flight; writing
70 verbose correctMkdir /home/ashwani/.npm correctMkdir not in flight; initializing
71 verbose afterAdd /home/ashwani/.npm/bower/1.7.9/package/package.json written
72 silly loadAllDepsIntoIdealTree Finishing
73 silly idealTree:prePrune lib
73 silly idealTree:prePrune `-- bower@1.7.9
74 silly loadIdealTree Finishing
75 silly currentTree lib
75 silly currentTree `-- bower@1.7.7
76 silly idealTree lib
76 silly idealTree `-- bower@1.7.9
77 silly generateActionsToTake Starting
78 silly install generateActionsToTake
79 warn checkPermissions Missing write access to /usr/lib/node_modules/bower
80 warn checkPermissions Missing write access to /usr/lib/node_modules
81 silly rollbackFailedOptional Starting
82 silly rollbackFailedOptional Finishing
83 silly runTopLevelLifecycles Starting
84 silly runTopLevelLifecycles Finishing
85 silly install printInstalled
86 verbose stack Error: EACCES: permission denied, access '/usr/lib/node_modules/bower'
86 verbose stack     at Error (native)
87 verbose cwd /home/ashwani/Desktop/shipapp
88 error Linux 4.4.0-28-generic
89 error argv "/usr/bin/nodejs" "/usr/bin/npm" "install" "-g" "bower"
90 error node v5.11.1
91 error npm  v3.8.6
92 error path /usr/lib/node_modules/bower
93 error code EACCES
94 error errno -13
95 error syscall access
96 error Error: EACCES: permission denied, access '/usr/lib/node_modules/bower'
96 error     at Error (native)
96 error  { [Error: EACCES: permission denied, access '/usr/lib/node_modules/bower']
96 error   errno: -13,
96 error   code: 'EACCES',
96 error   syscall: 'access',
96 error   path: '/usr/lib/node_modules/bower' }
97 error Please try running this command again as root/Administrator.
98 verbose exit [ -13, true ]
